2025-05-29 13:15:16,675 INFO: 🔥 Starting EmberCore Application [in /root/EmberFrame/run.py:19]
2025-05-29 13:15:16,675 INFO: ================================================== [in /root/EmberFrame/run.py:20]
2025-05-29 13:15:16,675 INFO: Environment: development [in /root/EmberFrame/run.py:21]
2025-05-29 13:15:16,675 INFO: Debug Mode: False [in /root/EmberFrame/run.py:22]
2025-05-29 13:15:16,675 INFO: Database: None [in /root/EmberFrame/run.py:23]
2025-05-29 13:15:16,675 INFO: ================================================== [in /root/EmberFrame/run.py:24]
2025-05-29 13:16:02,637 INFO: 🔥 Starting EmberCore Application [in /root/EmberFrame/run.py:19]
2025-05-29 13:16:02,637 INFO: ================================================== [in /root/EmberFrame/run.py:20]
2025-05-29 13:16:02,637 INFO: Environment: development [in /root/EmberFrame/run.py:21]
2025-05-29 13:16:02,637 INFO: Debug Mode: False [in /root/EmberFrame/run.py:22]
2025-05-29 13:16:02,637 INFO: Database: None [in /root/EmberFrame/run.py:23]
2025-05-29 13:16:02,637 INFO: ================================================== [in /root/EmberFrame/run.py:24]
2025-05-29 13:17:32,761 INFO: 🔥 Starting EmberCore Application [in /root/EmberFrame/run.py:19]
2025-05-29 13:17:32,761 INFO: ================================================== [in /root/EmberFrame/run.py:20]
2025-05-29 13:17:32,761 INFO: Environment: development [in /root/EmberFrame/run.py:21]
2025-05-29 13:17:32,762 INFO: Debug Mode: False [in /root/EmberFrame/run.py:22]
2025-05-29 13:17:32,762 INFO: Database: None [in /root/EmberFrame/run.py:23]
2025-05-29 13:17:32,762 INFO: ================================================== [in /root/EmberFrame/run.py:24]
2025-05-29 13:19:16,132 INFO: 🔥 Starting EmberCore Application [in /root/EmberFrame/run.py:19]
2025-05-29 13:19:16,132 INFO: ================================================== [in /root/EmberFrame/run.py:20]
2025-05-29 13:19:16,132 INFO: Environment: development [in /root/EmberFrame/run.py:21]
2025-05-29 13:19:16,132 INFO: Debug Mode: False [in /root/EmberFrame/run.py:22]
2025-05-29 13:19:16,132 INFO: Database: None [in /root/EmberFrame/run.py:23]
2025-05-29 13:19:16,132 INFO: ================================================== [in /root/EmberFrame/run.py:24]
2025-05-29 13:21:23,901 INFO: 🔥 Starting EmberCore Application [in /root/EmberFrame/run.py:19]
2025-05-29 13:21:23,902 INFO: ================================================== [in /root/EmberFrame/run.py:20]
2025-05-29 13:21:23,902 INFO: Environment: development [in /root/EmberFrame/run.py:21]
2025-05-29 13:21:23,902 INFO: Debug Mode: False [in /root/EmberFrame/run.py:22]
2025-05-29 13:21:23,902 INFO: Database: None [in /root/EmberFrame/run.py:23]
2025-05-29 13:21:23,902 INFO: ================================================== [in /root/EmberFrame/run.py:24]
2025-05-29 13:21:26,588 ERROR: Exception on / [GET] [in /usr/local/lib/python3.12/dist-packages/flask/app.py:1414]
Traceback (most recent call last):
  File "/usr/local/lib/python3.12/dist-packages/flask/app.py", line 2190, in wsgi_app
    response = self.full_dispatch_request()
               ^^^^^^^^^^^^^^^^^^^^^^^^^^^^
  File "/usr/local/lib/python3.12/dist-packages/flask/app.py", line 1486, in full_dispatch_request
    rv = self.handle_user_exception(e)
         ^^^^^^^^^^^^^^^^^^^^^^^^^^^^^
  File "/usr/local/lib/python3.12/dist-packages/flask/app.py", line 1484, in full_dispatch_request
    rv = self.dispatch_request()
         ^^^^^^^^^^^^^^^^^^^^^^^
  File "/usr/local/lib/python3.12/dist-packages/flask/app.py", line 1469, in dispatch_request
    return self.ensure_sync(self.view_functions[rule.endpoint])(**view_args)
           ^^^^^^^^^^^^^^^^^^^^^^^^^^^^^^^^^^^^^^^^^^^^^^^^^^^^^^^^^^^^^^^^^
  File "/root/EmberFrame/app/__init__.py", line 15, in desktop
    return render_template('desktop.html')  # Serve the actual desktop interface
           ^^^^^^^^^^^^^^^^^^^^^^^^^^^^^^^
  File "/usr/local/lib/python3.12/dist-packages/flask/templating.py", line 150, in render_template
    template = app.jinja_env.get_or_select_template(template_name_or_list)
               ^^^^^^^^^^^^^^^^^^^^^^^^^^^^^^^^^^^^^^^^^^^^^^^^^^^^^^^^^^^
  File "/usr/local/lib/python3.12/dist-packages/jinja2/environment.py", line 1087, in get_or_select_template
    return self.get_template(template_name_or_list, parent, globals)
           ^^^^^^^^^^^^^^^^^^^^^^^^^^^^^^^^^^^^^^^^^^^^^^^^^^^^^^^^^
  File "/usr/local/lib/python3.12/dist-packages/jinja2/environment.py", line 1016, in get_template
    return self._load_template(name, globals)
           ^^^^^^^^^^^^^^^^^^^^^^^^^^^^^^^^^^
  File "/usr/local/lib/python3.12/dist-packages/jinja2/environment.py", line 975, in _load_template
    template = self.loader.load(self, name, self.make_globals(globals))
               ^^^^^^^^^^^^^^^^^^^^^^^^^^^^^^^^^^^^^^^^^^^^^^^^^^^^^^^^
  File "/usr/local/lib/python3.12/dist-packages/jinja2/loaders.py", line 126, in load
    source, filename, uptodate = self.get_source(environment, name)
                                 ^^^^^^^^^^^^^^^^^^^^^^^^^^^^^^^^^^
  File "/usr/local/lib/python3.12/dist-packages/flask/templating.py", line 64, in get_source
    return self._get_source_fast(environment, template)
           ^^^^^^^^^^^^^^^^^^^^^^^^^^^^^^^^^^^^^^^^^^^^
  File "/usr/local/lib/python3.12/dist-packages/flask/templating.py", line 98, in _get_source_fast
    raise TemplateNotFound(template)
jinja2.exceptions.TemplateNotFound: desktop.html
2025-05-29 13:21:33,290 ERROR: Exception on / [GET] [in /usr/local/lib/python3.12/dist-packages/flask/app.py:1414]
Traceback (most recent call last):
  File "/usr/local/lib/python3.12/dist-packages/flask/app.py", line 2190, in wsgi_app
    response = self.full_dispatch_request()
               ^^^^^^^^^^^^^^^^^^^^^^^^^^^^
  File "/usr/local/lib/python3.12/dist-packages/flask/app.py", line 1486, in full_dispatch_request
    rv = self.handle_user_exception(e)
         ^^^^^^^^^^^^^^^^^^^^^^^^^^^^^
  File "/usr/local/lib/python3.12/dist-packages/flask/app.py", line 1484, in full_dispatch_request
    rv = self.dispatch_request()
         ^^^^^^^^^^^^^^^^^^^^^^^
  File "/usr/local/lib/python3.12/dist-packages/flask/app.py", line 1469, in dispatch_request
    return self.ensure_sync(self.view_functions[rule.endpoint])(**view_args)
           ^^^^^^^^^^^^^^^^^^^^^^^^^^^^^^^^^^^^^^^^^^^^^^^^^^^^^^^^^^^^^^^^^
  File "/root/EmberFrame/app/__init__.py", line 15, in desktop
    return render_template('desktop.html')  # Serve the actual desktop interface
           ^^^^^^^^^^^^^^^^^^^^^^^^^^^^^^^
  File "/usr/local/lib/python3.12/dist-packages/flask/templating.py", line 150, in render_template
    template = app.jinja_env.get_or_select_template(template_name_or_list)
               ^^^^^^^^^^^^^^^^^^^^^^^^^^^^^^^^^^^^^^^^^^^^^^^^^^^^^^^^^^^
  File "/usr/local/lib/python3.12/dist-packages/jinja2/environment.py", line 1087, in get_or_select_template
    return self.get_template(template_name_or_list, parent, globals)
           ^^^^^^^^^^^^^^^^^^^^^^^^^^^^^^^^^^^^^^^^^^^^^^^^^^^^^^^^^
  File "/usr/local/lib/python3.12/dist-packages/jinja2/environment.py", line 1016, in get_template
    return self._load_template(name, globals)
           ^^^^^^^^^^^^^^^^^^^^^^^^^^^^^^^^^^
  File "/usr/local/lib/python3.12/dist-packages/jinja2/environment.py", line 975, in _load_template
    template = self.loader.load(self, name, self.make_globals(globals))
               ^^^^^^^^^^^^^^^^^^^^^^^^^^^^^^^^^^^^^^^^^^^^^^^^^^^^^^^^
  File "/usr/local/lib/python3.12/dist-packages/jinja2/loaders.py", line 126, in load
    source, filename, uptodate = self.get_source(environment, name)
                                 ^^^^^^^^^^^^^^^^^^^^^^^^^^^^^^^^^^
  File "/usr/local/lib/python3.12/dist-packages/flask/templating.py", line 64, in get_source
    return self._get_source_fast(environment, template)
           ^^^^^^^^^^^^^^^^^^^^^^^^^^^^^^^^^^^^^^^^^^^^
  File "/usr/local/lib/python3.12/dist-packages/flask/templating.py", line 98, in _get_source_fast
    raise TemplateNotFound(template)
jinja2.exceptions.TemplateNotFound: desktop.html
2025-05-29 13:25:25,117 ERROR: Exception on / [GET] [in /usr/local/lib/python3.12/dist-packages/flask/app.py:1414]
Traceback (most recent call last):
  File "/usr/local/lib/python3.12/dist-packages/flask/app.py", line 2190, in wsgi_app
    response = self.full_dispatch_request()
               ^^^^^^^^^^^^^^^^^^^^^^^^^^^^
  File "/usr/local/lib/python3.12/dist-packages/flask/app.py", line 1486, in full_dispatch_request
    rv = self.handle_user_exception(e)
         ^^^^^^^^^^^^^^^^^^^^^^^^^^^^^
  File "/usr/local/lib/python3.12/dist-packages/flask/app.py", line 1484, in full_dispatch_request
    rv = self.dispatch_request()
         ^^^^^^^^^^^^^^^^^^^^^^^
  File "/usr/local/lib/python3.12/dist-packages/flask/app.py", line 1469, in dispatch_request
    return self.ensure_sync(self.view_functions[rule.endpoint])(**view_args)
           ^^^^^^^^^^^^^^^^^^^^^^^^^^^^^^^^^^^^^^^^^^^^^^^^^^^^^^^^^^^^^^^^^
  File "/root/EmberFrame/app/__init__.py", line 15, in desktop
    return render_template('desktop.html')
           ^^^^^^^^^^^^^^^^^^^^^^^^^^^^^^^
  File "/usr/local/lib/python3.12/dist-packages/flask/templating.py", line 150, in render_template
    template = app.jinja_env.get_or_select_template(template_name_or_list)
               ^^^^^^^^^^^^^^^^^^^^^^^^^^^^^^^^^^^^^^^^^^^^^^^^^^^^^^^^^^^
  File "/usr/local/lib/python3.12/dist-packages/jinja2/environment.py", line 1087, in get_or_select_template
    return self.get_template(template_name_or_list, parent, globals)
           ^^^^^^^^^^^^^^^^^^^^^^^^^^^^^^^^^^^^^^^^^^^^^^^^^^^^^^^^^
  File "/usr/local/lib/python3.12/dist-packages/jinja2/environment.py", line 1016, in get_template
    return self._load_template(name, globals)
           ^^^^^^^^^^^^^^^^^^^^^^^^^^^^^^^^^^
  File "/usr/local/lib/python3.12/dist-packages/jinja2/environment.py", line 975, in _load_template
    template = self.loader.load(self, name, self.make_globals(globals))
               ^^^^^^^^^^^^^^^^^^^^^^^^^^^^^^^^^^^^^^^^^^^^^^^^^^^^^^^^
  File "/usr/local/lib/python3.12/dist-packages/jinja2/loaders.py", line 126, in load
    source, filename, uptodate = self.get_source(environment, name)
                                 ^^^^^^^^^^^^^^^^^^^^^^^^^^^^^^^^^^
  File "/usr/local/lib/python3.12/dist-packages/flask/templating.py", line 64, in get_source
    return self._get_source_fast(environment, template)
           ^^^^^^^^^^^^^^^^^^^^^^^^^^^^^^^^^^^^^^^^^^^^
  File "/usr/local/lib/python3.12/dist-packages/flask/templating.py", line 98, in _get_source_fast
    raise TemplateNotFound(template)
jinja2.exceptions.TemplateNotFound: desktop.html
2025-05-29 13:25:27,938 INFO: 🔥 Starting EmberCore Application [in /root/EmberFrame/run.py:19]
2025-05-29 13:25:27,938 INFO: ================================================== [in /root/EmberFrame/run.py:20]
2025-05-29 13:25:27,938 INFO: Environment: development [in /root/EmberFrame/run.py:21]
2025-05-29 13:25:27,938 INFO: Debug Mode: False [in /root/EmberFrame/run.py:22]
2025-05-29 13:25:27,938 INFO: Database: None [in /root/EmberFrame/run.py:23]
2025-05-29 13:25:27,938 INFO: ================================================== [in /root/EmberFrame/run.py:24]
2025-05-29 13:25:29,734 ERROR: Exception on / [GET] [in /usr/local/lib/python3.12/dist-packages/flask/app.py:1414]
Traceback (most recent call last):
  File "/usr/local/lib/python3.12/dist-packages/flask/app.py", line 2190, in wsgi_app
    response = self.full_dispatch_request()
               ^^^^^^^^^^^^^^^^^^^^^^^^^^^^
  File "/usr/local/lib/python3.12/dist-packages/flask/app.py", line 1486, in full_dispatch_request
    rv = self.handle_user_exception(e)
         ^^^^^^^^^^^^^^^^^^^^^^^^^^^^^
  File "/usr/local/lib/python3.12/dist-packages/flask/app.py", line 1484, in full_dispatch_request
    rv = self.dispatch_request()
         ^^^^^^^^^^^^^^^^^^^^^^^
  File "/usr/local/lib/python3.12/dist-packages/flask/app.py", line 1469, in dispatch_request
    return self.ensure_sync(self.view_functions[rule.endpoint])(**view_args)
           ^^^^^^^^^^^^^^^^^^^^^^^^^^^^^^^^^^^^^^^^^^^^^^^^^^^^^^^^^^^^^^^^^
  File "/root/EmberFrame/app/__init__.py", line 15, in desktop
    return render_template('desktop.html')
           ^^^^^^^^^^^^^^^^^^^^^^^^^^^^^^^
  File "/usr/local/lib/python3.12/dist-packages/flask/templating.py", line 150, in render_template
    template = app.jinja_env.get_or_select_template(template_name_or_list)
               ^^^^^^^^^^^^^^^^^^^^^^^^^^^^^^^^^^^^^^^^^^^^^^^^^^^^^^^^^^^
  File "/usr/local/lib/python3.12/dist-packages/jinja2/environment.py", line 1087, in get_or_select_template
    return self.get_template(template_name_or_list, parent, globals)
           ^^^^^^^^^^^^^^^^^^^^^^^^^^^^^^^^^^^^^^^^^^^^^^^^^^^^^^^^^
  File "/usr/local/lib/python3.12/dist-packages/jinja2/environment.py", line 1016, in get_template
    return self._load_template(name, globals)
           ^^^^^^^^^^^^^^^^^^^^^^^^^^^^^^^^^^
  File "/usr/local/lib/python3.12/dist-packages/jinja2/environment.py", line 975, in _load_template
    template = self.loader.load(self, name, self.make_globals(globals))
               ^^^^^^^^^^^^^^^^^^^^^^^^^^^^^^^^^^^^^^^^^^^^^^^^^^^^^^^^
  File "/usr/local/lib/python3.12/dist-packages/jinja2/loaders.py", line 126, in load
    source, filename, uptodate = self.get_source(environment, name)
                                 ^^^^^^^^^^^^^^^^^^^^^^^^^^^^^^^^^^
  File "/usr/local/lib/python3.12/dist-packages/flask/templating.py", line 64, in get_source
    return self._get_source_fast(environment, template)
           ^^^^^^^^^^^^^^^^^^^^^^^^^^^^^^^^^^^^^^^^^^^^
  File "/usr/local/lib/python3.12/dist-packages/flask/templating.py", line 98, in _get_source_fast
    raise TemplateNotFound(template)
jinja2.exceptions.TemplateNotFound: desktop.html
2025-05-29 13:26:29,526 ERROR: Exception on / [GET] [in /usr/local/lib/python3.12/dist-packages/flask/app.py:1414]
Traceback (most recent call last):
  File "/usr/local/lib/python3.12/dist-packages/flask/app.py", line 2190, in wsgi_app
    response = self.full_dispatch_request()
               ^^^^^^^^^^^^^^^^^^^^^^^^^^^^
  File "/usr/local/lib/python3.12/dist-packages/flask/app.py", line 1486, in full_dispatch_request
    rv = self.handle_user_exception(e)
         ^^^^^^^^^^^^^^^^^^^^^^^^^^^^^
  File "/usr/local/lib/python3.12/dist-packages/flask/app.py", line 1484, in full_dispatch_request
    rv = self.dispatch_request()
         ^^^^^^^^^^^^^^^^^^^^^^^
  File "/usr/local/lib/python3.12/dist-packages/flask/app.py", line 1469, in dispatch_request
    return self.ensure_sync(self.view_functions[rule.endpoint])(**view_args)
           ^^^^^^^^^^^^^^^^^^^^^^^^^^^^^^^^^^^^^^^^^^^^^^^^^^^^^^^^^^^^^^^^^
  File "/root/EmberFrame/app/__init__.py", line 15, in desktop
    return render_template('./templates/desktop.html')
           ^^^^^^^^^^^^^^^^^^^^^^^^^^^^^^^
  File "/usr/local/lib/python3.12/dist-packages/flask/templating.py", line 150, in render_template
    template = app.jinja_env.get_or_select_template(template_name_or_list)
               ^^^^^^^^^^^^^^^^^^^^^^^^^^^^^^^^^^^^^^^^^^^^^^^^^^^^^^^^^^^
  File "/usr/local/lib/python3.12/dist-packages/jinja2/environment.py", line 1087, in get_or_select_template
    return self.get_template(template_name_or_list, parent, globals)
           ^^^^^^^^^^^^^^^^^^^^^^^^^^^^^^^^^^^^^^^^^^^^^^^^^^^^^^^^^
  File "/usr/local/lib/python3.12/dist-packages/jinja2/environment.py", line 1016, in get_template
    return self._load_template(name, globals)
           ^^^^^^^^^^^^^^^^^^^^^^^^^^^^^^^^^^
  File "/usr/local/lib/python3.12/dist-packages/jinja2/environment.py", line 975, in _load_template
    template = self.loader.load(self, name, self.make_globals(globals))
               ^^^^^^^^^^^^^^^^^^^^^^^^^^^^^^^^^^^^^^^^^^^^^^^^^^^^^^^^
  File "/usr/local/lib/python3.12/dist-packages/jinja2/loaders.py", line 126, in load
    source, filename, uptodate = self.get_source(environment, name)
                                 ^^^^^^^^^^^^^^^^^^^^^^^^^^^^^^^^^^
  File "/usr/local/lib/python3.12/dist-packages/flask/templating.py", line 64, in get_source
    return self._get_source_fast(environment, template)
           ^^^^^^^^^^^^^^^^^^^^^^^^^^^^^^^^^^^^^^^^^^^^
  File "/usr/local/lib/python3.12/dist-packages/flask/templating.py", line 98, in _get_source_fast
    raise TemplateNotFound(template)
jinja2.exceptions.TemplateNotFound: desktop.html
2025-05-29 13:27:29,803 INFO: 🔥 Starting EmberCore Application [in /root/EmberFrame/run.py:19]
2025-05-29 13:27:29,804 INFO: ================================================== [in /root/EmberFrame/run.py:20]
2025-05-29 13:27:29,804 INFO: Environment: development [in /root/EmberFrame/run.py:21]
2025-05-29 13:27:29,804 INFO: Debug Mode: False [in /root/EmberFrame/run.py:22]
2025-05-29 13:27:29,804 INFO: Database: None [in /root/EmberFrame/run.py:23]
2025-05-29 13:27:29,804 INFO: ================================================== [in /root/EmberFrame/run.py:24]
2025-05-29 13:27:31,368 ERROR: Exception on / [GET] [in /usr/local/lib/python3.12/dist-packages/flask/app.py:1414]
Traceback (most recent call last):
  File "/usr/local/lib/python3.12/dist-packages/flask/app.py", line 2190, in wsgi_app
    response = self.full_dispatch_request()
               ^^^^^^^^^^^^^^^^^^^^^^^^^^^^
  File "/usr/local/lib/python3.12/dist-packages/flask/app.py", line 1486, in full_dispatch_request
    rv = self.handle_user_exception(e)
         ^^^^^^^^^^^^^^^^^^^^^^^^^^^^^
  File "/usr/local/lib/python3.12/dist-packages/flask/app.py", line 1484, in full_dispatch_request
    rv = self.dispatch_request()
         ^^^^^^^^^^^^^^^^^^^^^^^
  File "/usr/local/lib/python3.12/dist-packages/flask/app.py", line 1469, in dispatch_request
    return self.ensure_sync(self.view_functions[rule.endpoint])(**view_args)
           ^^^^^^^^^^^^^^^^^^^^^^^^^^^^^^^^^^^^^^^^^^^^^^^^^^^^^^^^^^^^^^^^^
  File "/root/EmberFrame/app/__init__.py", line 15, in desktop
    return render_template('desktop.html')
           ^^^^^^^^^^^^^^^^^^^^^^^^^^^^^^^
  File "/usr/local/lib/python3.12/dist-packages/flask/templating.py", line 150, in render_template
    template = app.jinja_env.get_or_select_template(template_name_or_list)
               ^^^^^^^^^^^^^^^^^^^^^^^^^^^^^^^^^^^^^^^^^^^^^^^^^^^^^^^^^^^
  File "/usr/local/lib/python3.12/dist-packages/jinja2/environment.py", line 1087, in get_or_select_template
    return self.get_template(template_name_or_list, parent, globals)
           ^^^^^^^^^^^^^^^^^^^^^^^^^^^^^^^^^^^^^^^^^^^^^^^^^^^^^^^^^
  File "/usr/local/lib/python3.12/dist-packages/jinja2/environment.py", line 1016, in get_template
    return self._load_template(name, globals)
           ^^^^^^^^^^^^^^^^^^^^^^^^^^^^^^^^^^
  File "/usr/local/lib/python3.12/dist-packages/jinja2/environment.py", line 975, in _load_template
    template = self.loader.load(self, name, self.make_globals(globals))
               ^^^^^^^^^^^^^^^^^^^^^^^^^^^^^^^^^^^^^^^^^^^^^^^^^^^^^^^^
  File "/usr/local/lib/python3.12/dist-packages/jinja2/loaders.py", line 126, in load
    source, filename, uptodate = self.get_source(environment, name)
                                 ^^^^^^^^^^^^^^^^^^^^^^^^^^^^^^^^^^
  File "/usr/local/lib/python3.12/dist-packages/flask/templating.py", line 64, in get_source
    return self._get_source_fast(environment, template)
           ^^^^^^^^^^^^^^^^^^^^^^^^^^^^^^^^^^^^^^^^^^^^
  File "/usr/local/lib/python3.12/dist-packages/flask/templating.py", line 98, in _get_source_fast
    raise TemplateNotFound(template)
jinja2.exceptions.TemplateNotFound: desktop.html
2025-05-29 13:28:17,376 ERROR: Exception on / [GET] [in /usr/local/lib/python3.12/dist-packages/flask/app.py:1414]
Traceback (most recent call last):
  File "/usr/local/lib/python3.12/dist-packages/flask/app.py", line 2190, in wsgi_app
    response = self.full_dispatch_request()
               ^^^^^^^^^^^^^^^^^^^^^^^^^^^^
  File "/usr/local/lib/python3.12/dist-packages/flask/app.py", line 1486, in full_dispatch_request
    rv = self.handle_user_exception(e)
         ^^^^^^^^^^^^^^^^^^^^^^^^^^^^^
  File "/usr/local/lib/python3.12/dist-packages/flask/app.py", line 1484, in full_dispatch_request
    rv = self.dispatch_request()
         ^^^^^^^^^^^^^^^^^^^^^^^
  File "/usr/local/lib/python3.12/dist-packages/flask/app.py", line 1469, in dispatch_request
    return self.ensure_sync(self.view_functions[rule.endpoint])(**view_args)
           ^^^^^^^^^^^^^^^^^^^^^^^^^^^^^^^^^^^^^^^^^^^^^^^^^^^^^^^^^^^^^^^^^
  File "/root/EmberFrame/app/__init__.py", line 15, in desktop
    return render_template('desktop.html')
           ^^^^^^^^^^^^^^^^^^^^^^^^^^^^^^^
  File "/usr/local/lib/python3.12/dist-packages/flask/templating.py", line 150, in render_template
    template = app.jinja_env.get_or_select_template(template_name_or_list)
               ^^^^^^^^^^^^^^^^^^^^^^^^^^^^^^^^^^^^^^^^^^^^^^^^^^^^^^^^^^^
  File "/usr/local/lib/python3.12/dist-packages/jinja2/environment.py", line 1087, in get_or_select_template
    return self.get_template(template_name_or_list, parent, globals)
           ^^^^^^^^^^^^^^^^^^^^^^^^^^^^^^^^^^^^^^^^^^^^^^^^^^^^^^^^^
  File "/usr/local/lib/python3.12/dist-packages/jinja2/environment.py", line 1016, in get_template
    return self._load_template(name, globals)
           ^^^^^^^^^^^^^^^^^^^^^^^^^^^^^^^^^^
  File "/usr/local/lib/python3.12/dist-packages/jinja2/environment.py", line 975, in _load_template
    template = self.loader.load(self, name, self.make_globals(globals))
               ^^^^^^^^^^^^^^^^^^^^^^^^^^^^^^^^^^^^^^^^^^^^^^^^^^^^^^^^
  File "/usr/local/lib/python3.12/dist-packages/jinja2/loaders.py", line 126, in load
    source, filename, uptodate = self.get_source(environment, name)
                                 ^^^^^^^^^^^^^^^^^^^^^^^^^^^^^^^^^^
  File "/usr/local/lib/python3.12/dist-packages/flask/templating.py", line 64, in get_source
    return self._get_source_fast(environment, template)
           ^^^^^^^^^^^^^^^^^^^^^^^^^^^^^^^^^^^^^^^^^^^^
  File "/usr/local/lib/python3.12/dist-packages/flask/templating.py", line 98, in _get_source_fast
    raise TemplateNotFound(template)
jinja2.exceptions.TemplateNotFound: desktop.html
2025-05-29 13:31:14,595 INFO: 🔥 Starting EmberCore Application [in /root/EmberFrame/run.py:19]
2025-05-29 13:31:14,595 INFO: ================================================== [in /root/EmberFrame/run.py:20]
2025-05-29 13:31:14,595 INFO: Environment: development [in /root/EmberFrame/run.py:21]
2025-05-29 13:31:14,595 INFO: Debug Mode: False [in /root/EmberFrame/run.py:22]
2025-05-29 13:31:14,595 INFO: Database: None [in /root/EmberFrame/run.py:23]
2025-05-29 13:31:14,595 INFO: ================================================== [in /root/EmberFrame/run.py:24]
2025-05-29 13:45:56,778 INFO: 🔥 Starting EmberCore Application [in /root/EmberFrame/run.py:19]
2025-05-29 13:45:56,778 INFO: ================================================== [in /root/EmberFrame/run.py:20]
2025-05-29 13:45:56,778 INFO: Environment: development [in /root/EmberFrame/run.py:21]
2025-05-29 13:45:56,778 INFO: Debug Mode: False [in /root/EmberFrame/run.py:22]
2025-05-29 13:45:56,778 INFO: Database: None [in /root/EmberFrame/run.py:23]
2025-05-29 13:45:56,778 INFO: ================================================== [in /root/EmberFrame/run.py:24]
2025-05-29 13:46:55,667 INFO: 🔥 Starting EmberCore Application [in /root/EmberFrame/run.py:19]
2025-05-29 13:46:55,667 INFO: ================================================== [in /root/EmberFrame/run.py:20]
2025-05-29 13:46:55,667 INFO: Environment: development [in /root/EmberFrame/run.py:21]
2025-05-29 13:46:55,667 INFO: Debug Mode: False [in /root/EmberFrame/run.py:22]
2025-05-29 13:46:55,667 INFO: Database: None [in /root/EmberFrame/run.py:23]
2025-05-29 13:46:55,667 INFO: ================================================== [in /root/EmberFrame/run.py:24]
2025-05-29 13:58:53,271 INFO: 🔥 Starting EmberCore Application [in /root/EmberFrame/run.py:19]
2025-05-29 13:58:53,271 INFO: ================================================== [in /root/EmberFrame/run.py:20]
2025-05-29 13:58:53,271 INFO: Environment: development [in /root/EmberFrame/run.py:21]
2025-05-29 13:58:53,271 INFO: Debug Mode: False [in /root/EmberFrame/run.py:22]
2025-05-29 13:58:53,271 INFO: Database: None [in /root/EmberFrame/run.py:23]
2025-05-29 13:58:53,271 INFO: ================================================== [in /root/EmberFrame/run.py:24]
2025-05-29 13:58:54,874 ERROR: Exception on / [GET] [in /usr/local/lib/python3.12/dist-packages/flask/app.py:1414]
Traceback (most recent call last):
  File "/usr/local/lib/python3.12/dist-packages/flask/app.py", line 2190, in wsgi_app
    response = self.full_dispatch_request()
               ^^^^^^^^^^^^^^^^^^^^^^^^^^^^
  File "/usr/local/lib/python3.12/dist-packages/flask/app.py", line 1486, in full_dispatch_request
    rv = self.handle_user_exception(e)
         ^^^^^^^^^^^^^^^^^^^^^^^^^^^^^
  File "/usr/local/lib/python3.12/dist-packages/flask/app.py", line 1484, in full_dispatch_request
    rv = self.dispatch_request()
         ^^^^^^^^^^^^^^^^^^^^^^^
  File "/usr/local/lib/python3.12/dist-packages/flask/app.py", line 1469, in dispatch_request
    return self.ensure_sync(self.view_functions[rule.endpoint])(**view_args)
           ^^^^^^^^^^^^^^^^^^^^^^^^^^^^^^^^^^^^^^^^^^^^^^^^^^^^^^^^^^^^^^^^^
  File "/root/EmberFrame/app/__init__.py", line 19, in login
    return render_template('login.html')
           ^^^^^^^^^^^^^^^^^^^^^^^^^^^^^
  File "/usr/local/lib/python3.12/dist-packages/flask/templating.py", line 151, in render_template
    return _render(app, template, context)
           ^^^^^^^^^^^^^^^^^^^^^^^^^^^^^^^
  File "/usr/local/lib/python3.12/dist-packages/flask/templating.py", line 132, in _render
    rv = template.render(context)
         ^^^^^^^^^^^^^^^^^^^^^^^^
  File "/usr/local/lib/python3.12/dist-packages/jinja2/environment.py", line 1295, in render
    self.environment.handle_exception()
  File "/usr/local/lib/python3.12/dist-packages/jinja2/environment.py", line 942, in handle_exception
    raise rewrite_traceback_stack(source=source)
  File "/root/EmberFrame/templates/login.html", line 1, in top-level template code
    {% extends "base.html" %}
  File "/root/EmberFrame/templates/base.html", line 41, in top-level template code
    {% block content %}{% endblock %}
    ^^^^^^^^^^^^^^^^^^^^^^^^^
  File "/root/EmberFrame/templates/login.html", line 185, in block 'content'
    <a href="{{ url_for('auth.register') }}" class="login-link">
    ^^^^^^^^^^^^^^^^^^^^^^^^^
  File "/usr/local/lib/python3.12/dist-packages/flask/app.py", line 1697, in url_for
    return self.handle_url_build_error(error, endpoint, values)
           ^^^^^^^^^^^^^^^^^^^^^^^^^^^^^^^^^^^^^^^^^^^^^^^^^^^^
  File "/usr/local/lib/python3.12/dist-packages/flask/app.py", line 1686, in url_for
    rv = url_adapter.build(  # type: ignore[union-attr]
         ^^^^^^^^^^^^^^^^^^^^^^^^^^^^^^^^^^^^^^^^^^^^^^
  File "/usr/local/lib/python3.12/dist-packages/werkzeug/routing/map.py", line 924, in build
    raise BuildError(endpoint, values, method, self)
werkzeug.routing.exceptions.BuildError: Could not build url for endpoint 'auth.register'. Did you mean 'login' instead?
2025-05-29 13:59:04,630 ERROR: Exception on / [GET] [in /usr/local/lib/python3.12/dist-packages/flask/app.py:1414]
Traceback (most recent call last):
  File "/usr/local/lib/python3.12/dist-packages/flask/app.py", line 2190, in wsgi_app
    response = self.full_dispatch_request()
               ^^^^^^^^^^^^^^^^^^^^^^^^^^^^
  File "/usr/local/lib/python3.12/dist-packages/flask/app.py", line 1486, in full_dispatch_request
    rv = self.handle_user_exception(e)
         ^^^^^^^^^^^^^^^^^^^^^^^^^^^^^
  File "/usr/local/lib/python3.12/dist-packages/flask/app.py", line 1484, in full_dispatch_request
    rv = self.dispatch_request()
         ^^^^^^^^^^^^^^^^^^^^^^^
  File "/usr/local/lib/python3.12/dist-packages/flask/app.py", line 1469, in dispatch_request
    return self.ensure_sync(self.view_functions[rule.endpoint])(**view_args)
           ^^^^^^^^^^^^^^^^^^^^^^^^^^^^^^^^^^^^^^^^^^^^^^^^^^^^^^^^^^^^^^^^^
  File "/root/EmberFrame/app/__init__.py", line 19, in login
    return render_template('desktop.html')
           ^^^^^^^^^^^^^^^^^^^^^^^^^^^^^
  File "/usr/local/lib/python3.12/dist-packages/flask/templating.py", line 151, in render_template
    return _render(app, template, context)
           ^^^^^^^^^^^^^^^^^^^^^^^^^^^^^^^
  File "/usr/local/lib/python3.12/dist-packages/flask/templating.py", line 132, in _render
    rv = template.render(context)
         ^^^^^^^^^^^^^^^^^^^^^^^^
  File "/usr/local/lib/python3.12/dist-packages/jinja2/environment.py", line 1295, in render
    self.environment.handle_exception()
  File "/usr/local/lib/python3.12/dist-packages/jinja2/environment.py", line 942, in handle_exception
    raise rewrite_traceback_stack(source=source)
  File "/root/EmberFrame/templates/login.html", line 1, in top-level template code
    {% extends "base.html" %}
  File "/root/EmberFrame/templates/base.html", line 41, in top-level template code
    {% block content %}{% endblock %}
    ^^^^^^^^^^^^^^^^^^^^^^^^^
  File "/root/EmberFrame/templates/login.html", line 185, in block 'content'
    <a href="{{ url_for('auth.register') }}" class="login-link">
    ^^^^^^^^^^^^^^^^^^^^^^^^^
  File "/usr/local/lib/python3.12/dist-packages/flask/app.py", line 1697, in url_for
    return self.handle_url_build_error(error, endpoint, values)
           ^^^^^^^^^^^^^^^^^^^^^^^^^^^^^^^^^^^^^^^^^^^^^^^^^^^^
  File "/usr/local/lib/python3.12/dist-packages/flask/app.py", line 1686, in url_for
    rv = url_adapter.build(  # type: ignore[union-attr]
         ^^^^^^^^^^^^^^^^^^^^^^^^^^^^^^^^^^^^^^^^^^^^^^
  File "/usr/local/lib/python3.12/dist-packages/werkzeug/routing/map.py", line 924, in build
    raise BuildError(endpoint, values, method, self)
werkzeug.routing.exceptions.BuildError: Could not build url for endpoint 'auth.register'. Did you mean 'login' instead?
2025-05-29 13:59:06,784 INFO: 🔥 Starting EmberCore Application [in /root/EmberFrame/run.py:19]
2025-05-29 13:59:06,784 INFO: ================================================== [in /root/EmberFrame/run.py:20]
2025-05-29 13:59:06,784 INFO: Environment: development [in /root/EmberFrame/run.py:21]
2025-05-29 13:59:06,784 INFO: Debug Mode: False [in /root/EmberFrame/run.py:22]
2025-05-29 13:59:06,784 INFO: Database: None [in /root/EmberFrame/run.py:23]
2025-05-29 13:59:06,784 INFO: ================================================== [in /root/EmberFrame/run.py:24]
2025-05-29 13:59:18,774 INFO: 🔥 Starting EmberCore Application [in /root/EmberFrame/run.py:19]
2025-05-29 13:59:18,774 INFO: ================================================== [in /root/EmberFrame/run.py:20]
2025-05-29 13:59:18,774 INFO: Environment: development [in /root/EmberFrame/run.py:21]
2025-05-29 13:59:18,774 INFO: Debug Mode: False [in /root/EmberFrame/run.py:22]
2025-05-29 13:59:18,774 INFO: Database: None [in /root/EmberFrame/run.py:23]
2025-05-29 13:59:18,774 INFO: ================================================== [in /root/EmberFrame/run.py:24]
2025-05-29 13:59:19,838 ERROR: Exception on / [GET] [in /usr/local/lib/python3.12/dist-packages/flask/app.py:1414]
Traceback (most recent call last):
  File "/usr/local/lib/python3.12/dist-packages/flask/app.py", line 2190, in wsgi_app
    response = self.full_dispatch_request()
               ^^^^^^^^^^^^^^^^^^^^^^^^^^^^
  File "/usr/local/lib/python3.12/dist-packages/flask/app.py", line 1486, in full_dispatch_request
    rv = self.handle_user_exception(e)
         ^^^^^^^^^^^^^^^^^^^^^^^^^^^^^
  File "/usr/local/lib/python3.12/dist-packages/flask/app.py", line 1484, in full_dispatch_request
    rv = self.dispatch_request()
         ^^^^^^^^^^^^^^^^^^^^^^^
  File "/usr/local/lib/python3.12/dist-packages/flask/app.py", line 1469, in dispatch_request
    return self.ensure_sync(self.view_functions[rule.endpoint])(**view_args)
           ^^^^^^^^^^^^^^^^^^^^^^^^^^^^^^^^^^^^^^^^^^^^^^^^^^^^^^^^^^^^^^^^^
  File "/root/EmberFrame/app/__init__.py", line 19, in desktop
    return render_template('login.html')
           ^^^^^^^^^^^^^^^^^^^^^^^^^^^^^
  File "/usr/local/lib/python3.12/dist-packages/flask/templating.py", line 151, in render_template
    return _render(app, template, context)
           ^^^^^^^^^^^^^^^^^^^^^^^^^^^^^^^
  File "/usr/local/lib/python3.12/dist-packages/flask/templating.py", line 132, in _render
    rv = template.render(context)
         ^^^^^^^^^^^^^^^^^^^^^^^^
  File "/usr/local/lib/python3.12/dist-packages/jinja2/environment.py", line 1295, in render
    self.environment.handle_exception()
  File "/usr/local/lib/python3.12/dist-packages/jinja2/environment.py", line 942, in handle_exception
    raise rewrite_traceback_stack(source=source)
  File "/root/EmberFrame/templates/login.html", line 1, in top-level template code
    {% extends "base.html" %}
  File "/root/EmberFrame/templates/base.html", line 41, in top-level template code
    {% block content %}{% endblock %}
    ^^^^^^^^^^^^^^^^^^^^^^^^^
  File "/root/EmberFrame/templates/login.html", line 185, in block 'content'
    <a href="{{ url_for('auth.register') }}" class="login-link">
    ^^^^^^^^^^^^^^^^^^^^^^^^^
  File "/usr/local/lib/python3.12/dist-packages/flask/app.py", line 1697, in url_for
    return self.handle_url_build_error(error, endpoint, values)
           ^^^^^^^^^^^^^^^^^^^^^^^^^^^^^^^^^^^^^^^^^^^^^^^^^^^^
  File "/usr/local/lib/python3.12/dist-packages/flask/app.py", line 1686, in url_for
    rv = url_adapter.build(  # type: ignore[union-attr]
         ^^^^^^^^^^^^^^^^^^^^^^^^^^^^^^^^^^^^^^^^^^^^^^
  File "/usr/local/lib/python3.12/dist-packages/werkzeug/routing/map.py", line 924, in build
    raise BuildError(endpoint, values, method, self)
werkzeug.routing.exceptions.BuildError: Could not build url for endpoint 'auth.register'. Did you mean 'desktop' instead?
2025-05-29 13:59:20,784 ERROR: Exception on / [GET] [in /usr/local/lib/python3.12/dist-packages/flask/app.py:1414]
Traceback (most recent call last):
  File "/usr/local/lib/python3.12/dist-packages/flask/app.py", line 2190, in wsgi_app
    response = self.full_dispatch_request()
               ^^^^^^^^^^^^^^^^^^^^^^^^^^^^
  File "/usr/local/lib/python3.12/dist-packages/flask/app.py", line 1486, in full_dispatch_request
    rv = self.handle_user_exception(e)
         ^^^^^^^^^^^^^^^^^^^^^^^^^^^^^
  File "/usr/local/lib/python3.12/dist-packages/flask/app.py", line 1484, in full_dispatch_request
    rv = self.dispatch_request()
         ^^^^^^^^^^^^^^^^^^^^^^^
  File "/usr/local/lib/python3.12/dist-packages/flask/app.py", line 1469, in dispatch_request
    return self.ensure_sync(self.view_functions[rule.endpoint])(**view_args)
           ^^^^^^^^^^^^^^^^^^^^^^^^^^^^^^^^^^^^^^^^^^^^^^^^^^^^^^^^^^^^^^^^^
  File "/root/EmberFrame/app/__init__.py", line 19, in desktop
    return render_template('login.html')
           ^^^^^^^^^^^^^^^^^^^^^^^^^^^^^
  File "/usr/local/lib/python3.12/dist-packages/flask/templating.py", line 151, in render_template
    return _render(app, template, context)
           ^^^^^^^^^^^^^^^^^^^^^^^^^^^^^^^
  File "/usr/local/lib/python3.12/dist-packages/flask/templating.py", line 132, in _render
    rv = template.render(context)
         ^^^^^^^^^^^^^^^^^^^^^^^^
  File "/usr/local/lib/python3.12/dist-packages/jinja2/environment.py", line 1295, in render
    self.environment.handle_exception()
  File "/usr/local/lib/python3.12/dist-packages/jinja2/environment.py", line 942, in handle_exception
    raise rewrite_traceback_stack(source=source)
  File "/root/EmberFrame/templates/login.html", line 1, in top-level template code
    {% extends "base.html" %}
  File "/root/EmberFrame/templates/base.html", line 41, in top-level template code
    {% block content %}{% endblock %}
    ^^^^^^^^^^^^^^^^^^^^^^^^^
  File "/root/EmberFrame/templates/login.html", line 185, in block 'content'
    <a href="{{ url_for('auth.register') }}" class="login-link">
    ^^^^^^^^^^^^^^^^^^^^^^^^^
  File "/usr/local/lib/python3.12/dist-packages/flask/app.py", line 1697, in url_for
    return self.handle_url_build_error(error, endpoint, values)
           ^^^^^^^^^^^^^^^^^^^^^^^^^^^^^^^^^^^^^^^^^^^^^^^^^^^^
  File "/usr/local/lib/python3.12/dist-packages/flask/app.py", line 1686, in url_for
    rv = url_adapter.build(  # type: ignore[union-attr]
         ^^^^^^^^^^^^^^^^^^^^^^^^^^^^^^^^^^^^^^^^^^^^^^
  File "/usr/local/lib/python3.12/dist-packages/werkzeug/routing/map.py", line 924, in build
    raise BuildError(endpoint, values, method, self)
werkzeug.routing.exceptions.BuildError: Could not build url for endpoint 'auth.register'. Did you mean 'desktop' instead?
2025-05-29 14:04:45,106 ERROR: Exception on / [GET] [in /usr/local/lib/python3.12/dist-packages/flask/app.py:1414]
Traceback (most recent call last):
  File "/usr/local/lib/python3.12/dist-packages/flask/app.py", line 2190, in wsgi_app
    response = self.full_dispatch_request()
               ^^^^^^^^^^^^^^^^^^^^^^^^^^^^
  File "/usr/local/lib/python3.12/dist-packages/flask/app.py", line 1486, in full_dispatch_request
    rv = self.handle_user_exception(e)
         ^^^^^^^^^^^^^^^^^^^^^^^^^^^^^
  File "/usr/local/lib/python3.12/dist-packages/flask/app.py", line 1484, in full_dispatch_request
    rv = self.dispatch_request()
         ^^^^^^^^^^^^^^^^^^^^^^^
  File "/usr/local/lib/python3.12/dist-packages/flask/app.py", line 1469, in dispatch_request
    return self.ensure_sync(self.view_functions[rule.endpoint])(**view_args)
           ^^^^^^^^^^^^^^^^^^^^^^^^^^^^^^^^^^^^^^^^^^^^^^^^^^^^^^^^^^^^^^^^^
  File "/root/EmberFrame/app/__init__.py", line 19, in desktop
    app.config['WALLPAPER_FOLDER'] = os.path.join(app.root_path, '..', 'static', 'wallpapers')
               ^^^^^^^^^^^^^^^^^^^^^^^^^^^^^
  File "/usr/local/lib/python3.12/dist-packages/flask/templating.py", line 151, in render_template
    return _render(app, template, context)
           ^^^^^^^^^^^^^^^^^^^^^^^^^^^^^^^
  File "/usr/local/lib/python3.12/dist-packages/flask/templating.py", line 132, in _render
    rv = template.render(context)
         ^^^^^^^^^^^^^^^^^^^^^^^^
  File "/usr/local/lib/python3.12/dist-packages/jinja2/environment.py", line 1295, in render
    self.environment.handle_exception()
  File "/usr/local/lib/python3.12/dist-packages/jinja2/environment.py", line 942, in handle_exception
    raise rewrite_traceback_stack(source=source)
  File "/root/EmberFrame/templates/login.html", line 1, in top-level template code
    <!DOCTYPE html>
  File "/root/EmberFrame/templates/base.html", line 41, in top-level template code
    {% block content %}{% endblock %}
    ^^^^^^^^^^^^^^^^^^^^^^^^^
  File "/root/EmberFrame/templates/login.html", line 185, in block 'content'
    background: #000;
  File "/usr/local/lib/python3.12/dist-packages/flask/app.py", line 1697, in url_for
    return self.handle_url_build_error(error, endpoint, values)
           ^^^^^^^^^^^^^^^^^^^^^^^^^^^^^^^^^^^^^^^^^^^^^^^^^^^^
  File "/usr/local/lib/python3.12/dist-packages/flask/app.py", line 1686, in url_for
    rv = url_adapter.build(  # type: ignore[union-attr]
         ^^^^^^^^^^^^^^^^^^^^^^^^^^^^^^^^^^^^^^^^^^^^^^
  File "/usr/local/lib/python3.12/dist-packages/werkzeug/routing/map.py", line 924, in build
    raise BuildError(endpoint, values, method, self)
werkzeug.routing.exceptions.BuildError: Could not build url for endpoint 'auth.register'. Did you mean 'desktop' instead?
2025-05-29 14:04:48,006 INFO: 🔥 Starting EmberCore Application [in /root/EmberFrame/run.py:19]
2025-05-29 14:04:48,006 INFO: ================================================== [in /root/EmberFrame/run.py:20]
2025-05-29 14:04:48,006 INFO: Environment: development [in /root/EmberFrame/run.py:21]
2025-05-29 14:04:48,006 INFO: Debug Mode: False [in /root/EmberFrame/run.py:22]
2025-05-29 14:04:48,006 INFO: Database: None [in /root/EmberFrame/run.py:23]
2025-05-29 14:04:48,006 INFO: ================================================== [in /root/EmberFrame/run.py:24]
2025-05-29 14:04:50,711 ERROR: Exception on / [GET] [in /usr/local/lib/python3.12/dist-packages/flask/app.py:1414]
Traceback (most recent call last):
  File "/usr/local/lib/python3.12/dist-packages/flask/app.py", line 2190, in wsgi_app
    response = self.full_dispatch_request()
               ^^^^^^^^^^^^^^^^^^^^^^^^^^^^
  File "/usr/local/lib/python3.12/dist-packages/flask/app.py", line 1486, in full_dispatch_request
    rv = self.handle_user_exception(e)
         ^^^^^^^^^^^^^^^^^^^^^^^^^^^^^
  File "/usr/local/lib/python3.12/dist-packages/flask/app.py", line 1484, in full_dispatch_request
    rv = self.dispatch_request()
         ^^^^^^^^^^^^^^^^^^^^^^^
  File "/usr/local/lib/python3.12/dist-packages/flask/app.py", line 1469, in dispatch_request
    return self.ensure_sync(self.view_functions[rule.endpoint])(**view_args)
           ^^^^^^^^^^^^^^^^^^^^^^^^^^^^^^^^^^^^^^^^^^^^^^^^^^^^^^^^^^^^^^^^^
  File "/root/EmberFrame/app/__init__.py", line 39, in index
    return render_template('login.html')
           ^^^^^^^^^^^^^^^^^^^^^^^^^^^^^
  File "/usr/local/lib/python3.12/dist-packages/flask/templating.py", line 150, in render_template
    template = app.jinja_env.get_or_select_template(template_name_or_list)
               ^^^^^^^^^^^^^^^^^^^^^^^^^^^^^^^^^^^^^^^^^^^^^^^^^^^^^^^^^^^
  File "/usr/local/lib/python3.12/dist-packages/jinja2/environment.py", line 1087, in get_or_select_template
    return self.get_template(template_name_or_list, parent, globals)
           ^^^^^^^^^^^^^^^^^^^^^^^^^^^^^^^^^^^^^^^^^^^^^^^^^^^^^^^^^
  File "/usr/local/lib/python3.12/dist-packages/jinja2/environment.py", line 1016, in get_template
    return self._load_template(name, globals)
           ^^^^^^^^^^^^^^^^^^^^^^^^^^^^^^^^^^
  File "/usr/local/lib/python3.12/dist-packages/jinja2/environment.py", line 975, in _load_template
    template = self.loader.load(self, name, self.make_globals(globals))
               ^^^^^^^^^^^^^^^^^^^^^^^^^^^^^^^^^^^^^^^^^^^^^^^^^^^^^^^^
  File "/usr/local/lib/python3.12/dist-packages/jinja2/loaders.py", line 126, in load
    source, filename, uptodate = self.get_source(environment, name)
                                 ^^^^^^^^^^^^^^^^^^^^^^^^^^^^^^^^^^
  File "/usr/local/lib/python3.12/dist-packages/flask/templating.py", line 64, in get_source
    return self._get_source_fast(environment, template)
           ^^^^^^^^^^^^^^^^^^^^^^^^^^^^^^^^^^^^^^^^^^^^
  File "/usr/local/lib/python3.12/dist-packages/flask/templating.py", line 98, in _get_source_fast
    raise TemplateNotFound(template)
jinja2.exceptions.TemplateNotFound: login.html
2025-05-29 14:17:26,878 INFO: 🔥 Starting EmberCore Application [in /root/EmberFrame/run.py:19]
2025-05-29 14:17:26,878 INFO: ================================================== [in /root/EmberFrame/run.py:20]
2025-05-29 14:17:26,879 INFO: Environment: development [in /root/EmberFrame/run.py:21]
2025-05-29 14:17:26,879 INFO: Debug Mode: False [in /root/EmberFrame/run.py:22]
2025-05-29 14:17:26,879 INFO: Database: None [in /root/EmberFrame/run.py:23]
2025-05-29 14:17:26,879 INFO: ================================================== [in /root/EmberFrame/run.py:24]
2025-05-29 14:17:29,111 ERROR: Exception on / [GET] [in /usr/local/lib/python3.12/dist-packages/flask/app.py:1414]
Traceback (most recent call last):
  File "/usr/local/lib/python3.12/dist-packages/flask/app.py", line 2190, in wsgi_app
    response = self.full_dispatch_request()
               ^^^^^^^^^^^^^^^^^^^^^^^^^^^^
  File "/usr/local/lib/python3.12/dist-packages/flask/app.py", line 1486, in full_dispatch_request
    rv = self.handle_user_exception(e)
         ^^^^^^^^^^^^^^^^^^^^^^^^^^^^^
  File "/usr/local/lib/python3.12/dist-packages/flask/app.py", line 1484, in full_dispatch_request
    rv = self.dispatch_request()
         ^^^^^^^^^^^^^^^^^^^^^^^
  File "/usr/local/lib/python3.12/dist-packages/flask/app.py", line 1469, in dispatch_request
    return self.ensure_sync(self.view_functions[rule.endpoint])(**view_args)
           ^^^^^^^^^^^^^^^^^^^^^^^^^^^^^^^^^^^^^^^^^^^^^^^^^^^^^^^^^^^^^^^^^
  File "/root/EmberFrame/app/__init__.py", line 39, in index
    return render_template('login.html')
           ^^^^^^^^^^^^^^^^^^^^^^^^^^^^^
  File "/usr/local/lib/python3.12/dist-packages/flask/templating.py", line 150, in render_template
    template = app.jinja_env.get_or_select_template(template_name_or_list)
               ^^^^^^^^^^^^^^^^^^^^^^^^^^^^^^^^^^^^^^^^^^^^^^^^^^^^^^^^^^^
  File "/usr/local/lib/python3.12/dist-packages/jinja2/environment.py", line 1087, in get_or_select_template
    return self.get_template(template_name_or_list, parent, globals)
           ^^^^^^^^^^^^^^^^^^^^^^^^^^^^^^^^^^^^^^^^^^^^^^^^^^^^^^^^^
  File "/usr/local/lib/python3.12/dist-packages/jinja2/environment.py", line 1016, in get_template
    return self._load_template(name, globals)
           ^^^^^^^^^^^^^^^^^^^^^^^^^^^^^^^^^^
  File "/usr/local/lib/python3.12/dist-packages/jinja2/environment.py", line 975, in _load_template
    template = self.loader.load(self, name, self.make_globals(globals))
               ^^^^^^^^^^^^^^^^^^^^^^^^^^^^^^^^^^^^^^^^^^^^^^^^^^^^^^^^
  File "/usr/local/lib/python3.12/dist-packages/jinja2/loaders.py", line 126, in load
    source, filename, uptodate = self.get_source(environment, name)
                                 ^^^^^^^^^^^^^^^^^^^^^^^^^^^^^^^^^^
  File "/usr/local/lib/python3.12/dist-packages/flask/templating.py", line 64, in get_source
    return self._get_source_fast(environment, template)
           ^^^^^^^^^^^^^^^^^^^^^^^^^^^^^^^^^^^^^^^^^^^^
  File "/usr/local/lib/python3.12/dist-packages/flask/templating.py", line 98, in _get_source_fast
    raise TemplateNotFound(template)
jinja2.exceptions.TemplateNotFound: login.html
2025-05-29 14:20:20,094 INFO: 🔥 Starting EmberCore Application [in /root/EmberFrame/run.py:19]
2025-05-29 14:20:20,094 INFO: ================================================== [in /root/EmberFrame/run.py:20]
2025-05-29 14:20:20,094 INFO: Environment: development [in /root/EmberFrame/run.py:21]
2025-05-29 14:20:20,094 INFO: Debug Mode: False [in /root/EmberFrame/run.py:22]
2025-05-29 14:20:20,094 INFO: Database: None [in /root/EmberFrame/run.py:23]
2025-05-29 14:20:20,094 INFO: ================================================== [in /root/EmberFrame/run.py:24]
2025-05-29 14:20:25,052 ERROR: Exception on / [GET] [in /usr/local/lib/python3.12/dist-packages/flask/app.py:1414]
Traceback (most recent call last):
  File "/usr/local/lib/python3.12/dist-packages/flask/app.py", line 2190, in wsgi_app
    response = self.full_dispatch_request()
               ^^^^^^^^^^^^^^^^^^^^^^^^^^^^
  File "/usr/local/lib/python3.12/dist-packages/flask/app.py", line 1486, in full_dispatch_request
    rv = self.handle_user_exception(e)
         ^^^^^^^^^^^^^^^^^^^^^^^^^^^^^
  File "/usr/local/lib/python3.12/dist-packages/flask/app.py", line 1484, in full_dispatch_request
    rv = self.dispatch_request()
         ^^^^^^^^^^^^^^^^^^^^^^^
  File "/usr/local/lib/python3.12/dist-packages/flask/app.py", line 1469, in dispatch_request
    return self.ensure_sync(self.view_functions[rule.endpoint])(**view_args)
           ^^^^^^^^^^^^^^^^^^^^^^^^^^^^^^^^^^^^^^^^^^^^^^^^^^^^^^^^^^^^^^^^^
  File "/root/EmberFrame/app/__init__.py", line 39, in index
    return render_template('login.html')
           ^^^^^^^^^^^^^^^^^^^^^^^^^^^^^
  File "/usr/local/lib/python3.12/dist-packages/flask/templating.py", line 150, in render_template
    template = app.jinja_env.get_or_select_template(template_name_or_list)
               ^^^^^^^^^^^^^^^^^^^^^^^^^^^^^^^^^^^^^^^^^^^^^^^^^^^^^^^^^^^
  File "/usr/local/lib/python3.12/dist-packages/jinja2/environment.py", line 1087, in get_or_select_template
    return self.get_template(template_name_or_list, parent, globals)
           ^^^^^^^^^^^^^^^^^^^^^^^^^^^^^^^^^^^^^^^^^^^^^^^^^^^^^^^^^
  File "/usr/local/lib/python3.12/dist-packages/jinja2/environment.py", line 1016, in get_template
    return self._load_template(name, globals)
           ^^^^^^^^^^^^^^^^^^^^^^^^^^^^^^^^^^
  File "/usr/local/lib/python3.12/dist-packages/jinja2/environment.py", line 975, in _load_template
    template = self.loader.load(self, name, self.make_globals(globals))
               ^^^^^^^^^^^^^^^^^^^^^^^^^^^^^^^^^^^^^^^^^^^^^^^^^^^^^^^^
  File "/usr/local/lib/python3.12/dist-packages/jinja2/loaders.py", line 126, in load
    source, filename, uptodate = self.get_source(environment, name)
                                 ^^^^^^^^^^^^^^^^^^^^^^^^^^^^^^^^^^
  File "/usr/local/lib/python3.12/dist-packages/flask/templating.py", line 64, in get_source
    return self._get_source_fast(environment, template)
           ^^^^^^^^^^^^^^^^^^^^^^^^^^^^^^^^^^^^^^^^^^^^
  File "/usr/local/lib/python3.12/dist-packages/flask/templating.py", line 98, in _get_source_fast
    raise TemplateNotFound(template)
jinja2.exceptions.TemplateNotFound: login.html
2025-05-29 14:22:40,461 INFO: 🔥 Starting EmberCore Application [in /root/EmberFrame/run.py:19]
2025-05-29 14:22:40,461 INFO: ================================================== [in /root/EmberFrame/run.py:20]
2025-05-29 14:22:40,461 INFO: Environment: development [in /root/EmberFrame/run.py:21]
2025-05-29 14:22:40,461 INFO: Debug Mode: False [in /root/EmberFrame/run.py:22]
2025-05-29 14:22:40,461 INFO: Database: None [in /root/EmberFrame/run.py:23]
2025-05-29 14:22:40,461 INFO: ================================================== [in /root/EmberFrame/run.py:24]
2025-05-29 14:22:44,862 ERROR: Exception on / [GET] [in /usr/local/lib/python3.12/dist-packages/flask/app.py:1414]
Traceback (most recent call last):
  File "/usr/local/lib/python3.12/dist-packages/flask/app.py", line 2190, in wsgi_app
    response = self.full_dispatch_request()
               ^^^^^^^^^^^^^^^^^^^^^^^^^^^^
  File "/usr/local/lib/python3.12/dist-packages/flask/app.py", line 1486, in full_dispatch_request
    rv = self.handle_user_exception(e)
         ^^^^^^^^^^^^^^^^^^^^^^^^^^^^^
  File "/usr/local/lib/python3.12/dist-packages/flask/app.py", line 1484, in full_dispatch_request
    rv = self.dispatch_request()
         ^^^^^^^^^^^^^^^^^^^^^^^
  File "/usr/local/lib/python3.12/dist-packages/flask/app.py", line 1469, in dispatch_request
    return self.ensure_sync(self.view_functions[rule.endpoint])(**view_args)
           ^^^^^^^^^^^^^^^^^^^^^^^^^^^^^^^^^^^^^^^^^^^^^^^^^^^^^^^^^^^^^^^^^
  File "/root/EmberFrame/app/__init__.py", line 39, in index
    return render_template('login.html')
           ^^^^^^^^^^^^^^^^^^^^^^^^^^^^^
  File "/usr/local/lib/python3.12/dist-packages/flask/templating.py", line 150, in render_template
    template = app.jinja_env.get_or_select_template(template_name_or_list)
               ^^^^^^^^^^^^^^^^^^^^^^^^^^^^^^^^^^^^^^^^^^^^^^^^^^^^^^^^^^^
  File "/usr/local/lib/python3.12/dist-packages/jinja2/environment.py", line 1087, in get_or_select_template
    return self.get_template(template_name_or_list, parent, globals)
           ^^^^^^^^^^^^^^^^^^^^^^^^^^^^^^^^^^^^^^^^^^^^^^^^^^^^^^^^^
  File "/usr/local/lib/python3.12/dist-packages/jinja2/environment.py", line 1016, in get_template
    return self._load_template(name, globals)
           ^^^^^^^^^^^^^^^^^^^^^^^^^^^^^^^^^^
  File "/usr/local/lib/python3.12/dist-packages/jinja2/environment.py", line 975, in _load_template
    template = self.loader.load(self, name, self.make_globals(globals))
               ^^^^^^^^^^^^^^^^^^^^^^^^^^^^^^^^^^^^^^^^^^^^^^^^^^^^^^^^
  File "/usr/local/lib/python3.12/dist-packages/jinja2/loaders.py", line 126, in load
    source, filename, uptodate = self.get_source(environment, name)
                                 ^^^^^^^^^^^^^^^^^^^^^^^^^^^^^^^^^^
  File "/usr/local/lib/python3.12/dist-packages/flask/templating.py", line 64, in get_source
    return self._get_source_fast(environment, template)
           ^^^^^^^^^^^^^^^^^^^^^^^^^^^^^^^^^^^^^^^^^^^^
  File "/usr/local/lib/python3.12/dist-packages/flask/templating.py", line 98, in _get_source_fast
    raise TemplateNotFound(template)
jinja2.exceptions.TemplateNotFound: login.html
2025-05-29 14:27:11,269 INFO: 🔥 Starting EmberCore Application [in /root/EmberFrame/run.py:19]
2025-05-29 14:27:11,269 INFO: ================================================== [in /root/EmberFrame/run.py:20]
2025-05-29 14:27:11,269 INFO: Environment: development [in /root/EmberFrame/run.py:21]
2025-05-29 14:27:11,269 INFO: Debug Mode: False [in /root/EmberFrame/run.py:22]
2025-05-29 14:27:11,269 INFO: Database: None [in /root/EmberFrame/run.py:23]
2025-05-29 14:27:11,269 INFO: ================================================== [in /root/EmberFrame/run.py:24]
2025-05-29 14:27:14,043 ERROR: Exception on / [GET] [in /usr/local/lib/python3.12/dist-packages/flask/app.py:1414]
Traceback (most recent call last):
  File "/usr/local/lib/python3.12/dist-packages/flask/app.py", line 2190, in wsgi_app
    response = self.full_dispatch_request()
               ^^^^^^^^^^^^^^^^^^^^^^^^^^^^
  File "/usr/local/lib/python3.12/dist-packages/flask/app.py", line 1486, in full_dispatch_request
    rv = self.handle_user_exception(e)
         ^^^^^^^^^^^^^^^^^^^^^^^^^^^^^
  File "/usr/local/lib/python3.12/dist-packages/flask/app.py", line 1484, in full_dispatch_request
    rv = self.dispatch_request()
         ^^^^^^^^^^^^^^^^^^^^^^^
  File "/usr/local/lib/python3.12/dist-packages/flask/app.py", line 1469, in dispatch_request
    return self.ensure_sync(self.view_functions[rule.endpoint])(**view_args)
           ^^^^^^^^^^^^^^^^^^^^^^^^^^^^^^^^^^^^^^^^^^^^^^^^^^^^^^^^^^^^^^^^^
  File "/root/EmberFrame/app/__init__.py", line 39, in index
    return render_template('login.html')
           ^^^^^^^^^^^^^^^^^^^^^^^^^^^^^
  File "/usr/local/lib/python3.12/dist-packages/flask/templating.py", line 150, in render_template
    template = app.jinja_env.get_or_select_template(template_name_or_list)
               ^^^^^^^^^^^^^^^^^^^^^^^^^^^^^^^^^^^^^^^^^^^^^^^^^^^^^^^^^^^
  File "/usr/local/lib/python3.12/dist-packages/jinja2/environment.py", line 1087, in get_or_select_template
    return self.get_template(template_name_or_list, parent, globals)
           ^^^^^^^^^^^^^^^^^^^^^^^^^^^^^^^^^^^^^^^^^^^^^^^^^^^^^^^^^
  File "/usr/local/lib/python3.12/dist-packages/jinja2/environment.py", line 1016, in get_template
    return self._load_template(name, globals)
           ^^^^^^^^^^^^^^^^^^^^^^^^^^^^^^^^^^
  File "/usr/local/lib/python3.12/dist-packages/jinja2/environment.py", line 975, in _load_template
    template = self.loader.load(self, name, self.make_globals(globals))
               ^^^^^^^^^^^^^^^^^^^^^^^^^^^^^^^^^^^^^^^^^^^^^^^^^^^^^^^^
  File "/usr/local/lib/python3.12/dist-packages/jinja2/loaders.py", line 126, in load
    source, filename, uptodate = self.get_source(environment, name)
                                 ^^^^^^^^^^^^^^^^^^^^^^^^^^^^^^^^^^
  File "/usr/local/lib/python3.12/dist-packages/flask/templating.py", line 64, in get_source
    return self._get_source_fast(environment, template)
           ^^^^^^^^^^^^^^^^^^^^^^^^^^^^^^^^^^^^^^^^^^^^
  File "/usr/local/lib/python3.12/dist-packages/flask/templating.py", line 98, in _get_source_fast
    raise TemplateNotFound(template)
jinja2.exceptions.TemplateNotFound: login.html
2025-05-29 14:38:52,892 INFO: 🔥 Starting EmberFrame Desktop Environment [in /root/EmberFrame/run.py:19]
2025-05-29 14:38:52,893 INFO: ================================================== [in /root/EmberFrame/run.py:20]
2025-05-29 14:38:52,893 INFO: Environment: production [in /root/EmberFrame/run.py:21]
2025-05-29 14:38:52,893 INFO: Debug Mode: False [in /root/EmberFrame/run.py:22]
2025-05-29 14:38:52,893 INFO: Template Folder: /root/EmberFrame/templates [in /root/EmberFrame/run.py:23]
2025-05-29 14:38:52,893 INFO: Static Folder: /root/EmberFrame/static [in /root/EmberFrame/run.py:24]
2025-05-29 14:38:52,893 INFO: ================================================== [in /root/EmberFrame/run.py:25]
2025-05-29 14:38:52,893 INFO: Template files found: ['login.html', 'desktop.html', 'register.html', 'base.html', 'components'] [in /root/EmberFrame/run.py:34]
2025-05-29 14:38:52,893 INFO: Starting server on http://0.0.0.0:5000 [in /root/EmberFrame/run.py:38]
2025-05-29 14:42:33,756 INFO: 🔥 Starting EmberFrame Desktop Environment [in /root/EmberFrame/run.py:19]
2025-05-29 14:42:33,757 INFO: ================================================== [in /root/EmberFrame/run.py:20]
2025-05-29 14:42:33,757 INFO: Environment: production [in /root/EmberFrame/run.py:21]
2025-05-29 14:42:33,757 INFO: Debug Mode: False [in /root/EmberFrame/run.py:22]
2025-05-29 14:42:33,757 INFO: Template Folder: /root/EmberFrame/templates [in /root/EmberFrame/run.py:23]
2025-05-29 14:42:33,757 INFO: Static Folder: /root/EmberFrame/static [in /root/EmberFrame/run.py:24]
2025-05-29 14:42:33,757 INFO: ================================================== [in /root/EmberFrame/run.py:25]
2025-05-29 14:42:33,757 INFO: Template files found: ['login.html', 'desktop.html', 'register.html', 'base.html', 'components'] [in /root/EmberFrame/run.py:34]
2025-05-29 14:42:33,757 INFO: Starting server on http://0.0.0.0:5000 [in /root/EmberFrame/run.py:38]
2025-05-29 14:44:45,156 INFO: 🔥 Starting EmberFrame Desktop Environment [in /root/EmberFrame/run.py:19]
2025-05-29 14:44:45,156 INFO: ================================================== [in /root/EmberFrame/run.py:20]
2025-05-29 14:44:45,156 INFO: Environment: production [in /root/EmberFrame/run.py:21]
2025-05-29 14:44:45,156 INFO: Debug Mode: False [in /root/EmberFrame/run.py:22]
2025-05-29 14:44:45,156 INFO: Template Folder: /root/EmberFrame/templates [in /root/EmberFrame/run.py:23]
2025-05-29 14:44:45,156 INFO: Static Folder: /root/EmberFrame/static [in /root/EmberFrame/run.py:24]
2025-05-29 14:44:45,156 INFO: ================================================== [in /root/EmberFrame/run.py:25]
2025-05-29 14:44:45,156 INFO: Template files found: ['login.html', 'desktop.html', 'register.html', 'base.html', 'components'] [in /root/EmberFrame/run.py:34]
2025-05-29 14:44:45,156 INFO: Starting server on http://0.0.0.0:5000 [in /root/EmberFrame/run.py:38]
2025-05-29 14:54:12,336 INFO: 🔥 Starting EmberFrame Desktop Environment [in /root/EmberFrame/run.py:19]
2025-05-29 14:54:12,336 INFO: ================================================== [in /root/EmberFrame/run.py:20]
2025-05-29 14:54:12,337 INFO: Environment: production [in /root/EmberFrame/run.py:21]
2025-05-29 14:54:12,337 INFO: Debug Mode: False [in /root/EmberFrame/run.py:22]
2025-05-29 14:54:12,337 INFO: Template Folder: /root/EmberFrame/templates [in /root/EmberFrame/run.py:23]
2025-05-29 14:54:12,337 INFO: Static Folder: /root/EmberFrame/static [in /root/EmberFrame/run.py:24]
2025-05-29 14:54:12,337 INFO: ================================================== [in /root/EmberFrame/run.py:25]
2025-05-29 14:54:12,337 INFO: Template files found: ['login.html', 'desktop.html', 'register.html', 'base.html', 'components'] [in /root/EmberFrame/run.py:34]
2025-05-29 14:54:12,337 INFO: Starting server on http://0.0.0.0:5000 [in /root/EmberFrame/run.py:38]
2025-05-29 14:55:35,808 INFO: 🔥 Starting EmberFrame Desktop Environment [in /root/EmberFrame/run.py:19]
2025-05-29 14:55:35,808 INFO: ================================================== [in /root/EmberFrame/run.py:20]
2025-05-29 14:55:35,808 INFO: Environment: production [in /root/EmberFrame/run.py:21]
2025-05-29 14:55:35,808 INFO: Debug Mode: False [in /root/EmberFrame/run.py:22]
2025-05-29 14:55:35,808 INFO: Template Folder: /root/EmberFrame/templates [in /root/EmberFrame/run.py:23]
2025-05-29 14:55:35,808 INFO: Static Folder: /root/EmberFrame/static [in /root/EmberFrame/run.py:24]
2025-05-29 14:55:35,808 INFO: ================================================== [in /root/EmberFrame/run.py:25]
2025-05-29 14:55:35,808 INFO: Template files found: ['login.html', 'desktop.html', 'register.html', 'base.html', 'components'] [in /root/EmberFrame/run.py:34]
2025-05-29 14:55:35,808 INFO: Starting server on http://0.0.0.0:5000 [in /root/EmberFrame/run.py:38]
2025-05-29 14:59:38,664 INFO: 🔥 Starting EmberFrame Desktop Environment [in /root/EmberFrame/run.py:19]
2025-05-29 14:59:38,664 INFO: ================================================== [in /root/EmberFrame/run.py:20]
2025-05-29 14:59:38,664 INFO: Environment: production [in /root/EmberFrame/run.py:21]
2025-05-29 14:59:38,664 INFO: Debug Mode: False [in /root/EmberFrame/run.py:22]
2025-05-29 14:59:38,664 INFO: Template Folder: /root/EmberFrame/templates [in /root/EmberFrame/run.py:23]
2025-05-29 14:59:38,664 INFO: Static Folder: /root/EmberFrame/static [in /root/EmberFrame/run.py:24]
2025-05-29 14:59:38,664 INFO: ================================================== [in /root/EmberFrame/run.py:25]
2025-05-29 14:59:38,664 INFO: Template files found: ['login.html', 'desktop.html', 'register.html', 'base.html', 'components'] [in /root/EmberFrame/run.py:34]
2025-05-29 14:59:38,664 INFO: Starting server on http://0.0.0.0:5000 [in /root/EmberFrame/run.py:38]
2025-05-29 15:07:22,768 INFO: 🔥 Starting EmberFrame Desktop Environment [in /root/EmberFrame/run.py:19]
2025-05-29 15:07:22,768 INFO: ================================================== [in /root/EmberFrame/run.py:20]
2025-05-29 15:07:22,768 INFO: Environment: production [in /root/EmberFrame/run.py:21]
2025-05-29 15:07:22,768 INFO: Debug Mode: False [in /root/EmberFrame/run.py:22]
2025-05-29 15:07:22,768 INFO: Template Folder: /root/EmberFrame/templates [in /root/EmberFrame/run.py:23]
2025-05-29 15:07:22,768 INFO: Static Folder: /root/EmberFrame/static [in /root/EmberFrame/run.py:24]
2025-05-29 15:07:22,768 INFO: ================================================== [in /root/EmberFrame/run.py:25]
2025-05-29 15:07:22,769 INFO: Template files found: ['login.html', 'desktop.html', 'register.html', 'base.html', 'components'] [in /root/EmberFrame/run.py:34]
2025-05-29 15:07:22,769 INFO: Starting server on http://0.0.0.0:5000 [in /root/EmberFrame/run.py:38]
2025-05-29 15:14:37,749 INFO: 🔥 Starting EmberFrame Desktop Environment [in /root/EmberFrame/run.py:19]
2025-05-29 15:14:37,749 INFO: ================================================== [in /root/EmberFrame/run.py:20]
2025-05-29 15:14:37,749 INFO: Environment: production [in /root/EmberFrame/run.py:21]
2025-05-29 15:14:37,749 INFO: Debug Mode: False [in /root/EmberFrame/run.py:22]
2025-05-29 15:14:37,749 INFO: Template Folder: /root/EmberFrame/templates [in /root/EmberFrame/run.py:23]
2025-05-29 15:14:37,749 INFO: Static Folder: /root/EmberFrame/static [in /root/EmberFrame/run.py:24]
2025-05-29 15:14:37,749 INFO: ================================================== [in /root/EmberFrame/run.py:25]
2025-05-29 15:14:37,750 INFO: Template files found: ['login.html', 'desktop.html', 'register.html', 'base.html', 'components'] [in /root/EmberFrame/run.py:34]
2025-05-29 15:14:37,750 INFO: Starting server on http://0.0.0.0:5000 [in /root/EmberFrame/run.py:38]
2025-05-29 15:28:01,104 INFO: 🔥 Starting EmberFrame Desktop Environment [in /root/EmberFrame/run.py:19]
2025-05-29 15:28:01,105 INFO: ================================================== [in /root/EmberFrame/run.py:20]
2025-05-29 15:28:01,105 INFO: Environment: production [in /root/EmberFrame/run.py:21]
2025-05-29 15:28:01,105 INFO: Debug Mode: False [in /root/EmberFrame/run.py:22]
2025-05-29 15:28:01,105 INFO: Template Folder: /root/EmberFrame/templates [in /root/EmberFrame/run.py:23]
2025-05-29 15:28:01,105 INFO: Static Folder: /root/EmberFrame/static [in /root/EmberFrame/run.py:24]
2025-05-29 15:28:01,105 INFO: ================================================== [in /root/EmberFrame/run.py:25]
2025-05-29 15:28:01,105 INFO: Template files found: ['login.html', 'desktop.html', 'register.html', 'base.html', 'components'] [in /root/EmberFrame/run.py:34]
2025-05-29 15:28:01,105 INFO: Starting server on http://0.0.0.0:5000 [in /root/EmberFrame/run.py:38]
2025-05-29 15:30:35,851 INFO: 🔥 Starting EmberFrame Desktop Environment [in /root/EmberFrame/run.py:19]
2025-05-29 15:30:35,851 INFO: ================================================== [in /root/EmberFrame/run.py:20]
2025-05-29 15:30:35,851 INFO: Environment: production [in /root/EmberFrame/run.py:21]
2025-05-29 15:30:35,851 INFO: Debug Mode: False [in /root/EmberFrame/run.py:22]
2025-05-29 15:30:35,851 INFO: Template Folder: /root/EmberFrame/templates [in /root/EmberFrame/run.py:23]
2025-05-29 15:30:35,851 INFO: Static Folder: /root/EmberFrame/static [in /root/EmberFrame/run.py:24]
2025-05-29 15:30:35,851 INFO: ================================================== [in /root/EmberFrame/run.py:25]
2025-05-29 15:30:35,851 INFO: Template files found: ['login.html', 'desktop.html', 'register.html', 'base.html', 'components'] [in /root/EmberFrame/run.py:34]
2025-05-29 15:30:35,851 INFO: Starting server on http://0.0.0.0:5000 [in /root/EmberFrame/run.py:38]
2025-05-29 15:31:52,409 INFO: 🔥 Starting EmberFrame Desktop Environment [in /root/EmberFrame/run.py:19]
2025-05-29 15:31:52,409 INFO: ================================================== [in /root/EmberFrame/run.py:20]
2025-05-29 15:31:52,409 INFO: Environment: production [in /root/EmberFrame/run.py:21]
2025-05-29 15:31:52,409 INFO: Debug Mode: False [in /root/EmberFrame/run.py:22]
2025-05-29 15:31:52,409 INFO: Template Folder: /root/EmberFrame/templates [in /root/EmberFrame/run.py:23]
2025-05-29 15:31:52,409 INFO: Static Folder: /root/EmberFrame/static [in /root/EmberFrame/run.py:24]
2025-05-29 15:31:52,409 INFO: ================================================== [in /root/EmberFrame/run.py:25]
2025-05-29 15:31:52,409 INFO: Template files found: ['login.html', 'desktop.html', 'register.html', 'base.html', 'components'] [in /root/EmberFrame/run.py:34]
2025-05-29 15:31:52,409 INFO: Starting server on http://0.0.0.0:5000 [in /root/EmberFrame/run.py:38]
2025-05-29 15:33:24,793 INFO: 🔥 Starting EmberFrame Desktop Environment [in /root/EmberFrame/run.py:19]
2025-05-29 15:33:24,793 INFO: ================================================== [in /root/EmberFrame/run.py:20]
2025-05-29 15:33:24,793 INFO: Environment: production [in /root/EmberFrame/run.py:21]
2025-05-29 15:33:24,793 INFO: Debug Mode: False [in /root/EmberFrame/run.py:22]
2025-05-29 15:33:24,793 INFO: Template Folder: /root/EmberFrame/templates [in /root/EmberFrame/run.py:23]
2025-05-29 15:33:24,793 INFO: Static Folder: /root/EmberFrame/static [in /root/EmberFrame/run.py:24]
2025-05-29 15:33:24,793 INFO: ================================================== [in /root/EmberFrame/run.py:25]
2025-05-29 15:33:24,793 INFO: Template files found: ['login.html', 'desktop.html', 'register.html', 'base.html', 'components'] [in /root/EmberFrame/run.py:34]
2025-05-29 15:33:24,794 INFO: Starting server on http://0.0.0.0:5000 [in /root/EmberFrame/run.py:38]
